The task is topt!
Traceback (most recent call last):
  File "run_train.py", line 152, in <module>
    train_ssf = load_pickle( os.path.join(os.path.dirname(train_path),'train_ssf.pkl') )
  File "/data/engs-deep-learning-biosystem/bras5181/projects/PredOT/code/functions.py", line 86, in load_pickle
    temp = pickle.load(f)
AttributeError: Can't get attribute '_unpickle_block' on <module 'pandas._libs.internals' from '/apps/system/easybuild/software/SciPy-bundle/2020.11-fosscuda-2020b/lib/python3.8/site-packages/pandas/_libs/internals.cpython-38-x86_64-linux-gnu.so'>
9
Topt Done!
The task is tm!
Traceback (most recent call last):
  File "run_train.py", line 152, in <module>
    train_ssf = load_pickle( os.path.join(os.path.dirname(train_path),'train_ssf.pkl') )
  File "/data/engs-deep-learning-biosystem/bras5181/projects/PredOT/code/functions.py", line 86, in load_pickle
    temp = pickle.load(f)
AttributeError: Can't get attribute '_unpickle_block' on <module 'pandas._libs.internals' from '/apps/system/easybuild/software/SciPy-bundle/2020.11-fosscuda-2020b/lib/python3.8/site-packages/pandas/_libs/internals.cpython-38-x86_64-linux-gnu.so'>
4
Tm Done!
The task is pHopt!
Traceback (most recent call last):
  File "run_train.py", line 152, in <module>
    train_ssf = load_pickle( os.path.join(os.path.dirname(train_path),'train_ssf.pkl') )
  File "/data/engs-deep-learning-biosystem/bras5181/projects/PredOT/code/functions.py", line 86, in load_pickle
    temp = pickle.load(f)
AttributeError: Can't get attribute '_unpickle_block' on <module 'pandas._libs.internals' from '/apps/system/easybuild/software/SciPy-bundle/2020.11-fosscuda-2020b/lib/python3.8/site-packages/pandas/_libs/internals.cpython-38-x86_64-linux-gnu.so'>
2
pHopt Done!
